PLINK v1.90b4 64-bit (20 Mar 2017)
Options in effect:
  --bfile bugeater_693geno_filter2_maf_het
  --extract control_selected_quantiles.txt
  --out control_selected_quantiles
  --recode A

Hostname: login1.swan.hcc.unl.edu
Working directory: /lustre/work/schnablelab/sofiya/tre1_eqtl/re_analysis07.15/plink
Start time: Mon Aug 25 11:34:43 2025

Random number seed: 1756139683
256738 MB RAM detected; reserving 128369 MB for main workspace.
9673152 variants loaded from .bim file.
693 people (0 males, 0 females, 693 ambiguous) loaded from .fam.
Ambiguous sex IDs written to control_selected_quantiles.nosex .
--extract: 7761 variants remaining.
Warning: At least 7 duplicate IDs in --extract file.
Using 1 thread (no multithreaded calculations invoked).
Before main variant filters, 693 founders and 0 nonfounders present.
Calculating allele frequencies... done.
7761 variants and 693 people pass filters and QC.
Note: No phenotypes present.
--recode A to control_selected_quantiles.raw ... done.

End time: Mon Aug 25 11:34:45 2025
